C51 COMPILER V9.54   HAI                                                                   01/01/2019 20:08:22 PAGE 1   


C51 COMPILER V9.54, COMPILATION OF MODULE HAI
OBJECT MODULE PLACED IN .\Objects\hai.obj
COMPILER INVOKED BY: C:\Keil_v5\C51\BIN\C51.EXE hai.c OPTIMIZE(8,SPEED) BROWSE DEBUG OBJECTEXTEND PRINT(.\Listings\hai.l
                    -st) TABS(2) OBJECT(.\Objects\hai.obj)

line level    source

   1          #include <reg52.h>
   2          #include <stdlib.h>
   3          #define uint unsigned long
   4          #define uchar unsigned char 
   5          sbit N1 = P1^0; 
   6          sbit N2 = P1^1;
   7          sbit N3 = P1^2;
   8          sbit N4 = P1^3;
   9          //sbit N5 = P1^4;
  10          //sbit N6 = P1^5;
  11          uchar code table[]={0xc0,0xf9,0xa4,0xb0,0x99,0x92,0x82,0xf8,0x80,0x90}; 
  12          
  13          uint num;
  14          int a,t1=0;
  15          
  16          void delayms(uint xms)  //延时函数
  17          {       
  18   1          uint i,j;
  19   1          for(i=xms;i>0;i--)
  20   1              for(j=10;j>0;j--);
  21   1      }
  22          
  23          void display(uint num)                        
  24          {
  25   1              N1=0;       
  26   1              P0=table[(num/1000)]; 
  27   1              delayms(1);     
  28   1              P0=0XFF;        
  29   1              N1=1;       
  30   1      
  31   1              N2=0;       
  32   1              P0=table[(num%1000)/100];   
  33   1              delayms(1);     
  34   1              P0=0XFF;        
  35   1              N2=1;
  36   1      
  37   1              N3=0;       
  38   1              P0=table[(num%100)/10]; 
  39   1              delayms(1);     
  40   1              P0=0XFF;        
  41   1              N3=1;       
  42   1      
  43   1              N4=0;       
  44   1              P0=table[(num%10)];   
  45   1              delayms(1);     
  46   1              P0=0XFF;        
  47   1              N4=1;
  48   1      
  49   1      //        N5=0;       
  50   1      //        P0=table[(num%100)/10]; 
  51   1      //        delayms(1);     
  52   1      //        P0=0XFF;        
  53   1      //        N5=1;       
  54   1      
C51 COMPILER V9.54   HAI                                                                   01/01/2019 20:08:22 PAGE 2   

  55   1      //        N6=0;       
  56   1      //        P0=table[num%10];   
  57   1      //        delayms(1);     
  58   1      //        P0=0XFF;        
  59   1      //        N6=1;
  60   1      
  61   1              }
  62          
  63          void TimeAdd() interrupt 1
  64          {
  65   1      
  66   1              TH0=(65536-50000)/256;  
  67   1              TL0=(65536-50000)%256;
  68   1              t1++;
  69   1      
  70   1              if(t1==10)  //20*50==1秒10*50=0.5秒
  71   1              {
  72   2                  t1=0;
  73   2                  num++;
  74   2              }
  75   1      
  76   1      }
  77          
  78          
  79          
  80          
  81          void main()
  82          {
  83   1          TMOD=0X01;  // 定时器  初始化
  84   1          TH0=(65536-50000)/256;  
  85   1          TL0=(65536-50000)%256;
  86   1          EA=1;       //中断总开关
  87   1          ET0=1;      //开定时器0 中断
  88   1          TR0=1;      //启动定时器0
  89   1      
  90   1          num=6000;     //初始值
  91   1          while(1)
  92   1          {                           
  93   2              display(num);
  94   2        }
  95   1      }


MODULE INFORMATION:   STATIC OVERLAYABLE
   CODE SIZE        =    365    ----
   CONSTANT SIZE    =     10    ----
   XDATA SIZE       =   ----    ----
   PDATA SIZE       =   ----    ----
   DATA SIZE        =      8      12
   IDATA SIZE       =   ----    ----
   BIT SIZE         =   ----    ----
END OF MODULE INFORMATION.


C51 COMPILATION COMPLETE.  0 WARNING(S),  0 ERROR(S)
