C51 COMPILER V9.54   HAI                                                                   01/01/2019 20:13:36 PAGE 1   


C51 COMPILER V9.54, COMPILATION OF MODULE HAI
OBJECT MODULE PLACED IN .\Objects\hai.obj
COMPILER INVOKED BY: C:\Keil_v5\C51\BIN\C51.EXE hai.c OPTIMIZE(8,SPEED) BROWSE DEBUG OBJECTEXTEND PRINT(.\Listings\hai.l
                    -st) TABS(2) OBJECT(.\Objects\hai.obj)

line level    source

   1          #include <reg52.h>
   2          #include <stdlib.h>
   3          #define uint unsigned long            
   4          #define uchar unsigned char
   5          
   6          sbit N1 = P1^0;
   7          sbit N2 = P1^1; 
   8          sbit N3 = P1^2; 
   9          sbit N4 = P1^3; 
  10           
  11          sbit S1 = P3^7; 
  12          
  13          uchar code table[]={0xc0,0xf9,0xa4,0xb0,0x99,0x92,0x82,0xf8,0x80,0x90}; //0~916进制共阳极编码 
  14          uint num;
  15          void delayms(uint xms) //延时函数 
  16          {
  17   1          uint i,j;
  18   1          for(i=xms;i>0;i--)
  19   1             for(j=10;j>0;j--); 
  20   1      } 
  21          void display(unsigned long num) 
  22          { 
  23   1            N1=0;
  24   1            P0=table[(num/1000)];
  25   1            delayms(1);
  26   1            P0=0XFF;
  27   1            N1=1;
  28   1      
  29   1            N2=0;
  30   1            P0=table[(num%1000)/100];
  31   1            delayms(1); 
  32   1            P0=0XFF;
  33   1            N2=1;
  34   1      
  35   1            N3=0;
  36   1            P0=table[(num%100)/10]; 
  37   1            delayms(1); 
  38   1            P0=0XFF;
  39   1            N3=1;
  40   1      
  41   1            N4=0;
  42   1            P0=table[(num%10)];
  43   1            delayms(1);
  44   1            P0=0XFF;
  45   1            N4=1;
  46   1      
  47   1      //      N5=0;
  48   1      //      P0=table[(num%10000)/1000]; 
  49   1      //      delayms(1);
  50   1      //      P0=0XFF;
  51   1      //      N5=1;
  52   1      
  53   1      //      N6=0; 
  54   1      //      P0=table[(num%1000)/100]; 
C51 COMPILER V9.54   HAI                                                                   01/01/2019 20:13:36 PAGE 2   

  55   1      //      delayms(1);
  56   1      //      P0=0XFF;
  57   1      //      N6=1;
  58   1      
  59   1      //      N7=0;
  60   1      //      P0=table[(num%100)/10];
  61   1      //      delayms(1);
  62   1      //      P0=0XFF; 
  63   1      //      N7=1;
  64   1      // 
  65   1      //      N8=0;
  66   1      //      P0=table[num%10];
  67   1      //      delayms(1);
  68   1      //      P0=0XFF;
  69   1      //      N8=1;
  70   1      
  71   1            }
  72          
  73          
  74          void main()
  75           {
  76   1         TMOD=0x01; //采用T0方式，将M1置0，M0置1，是方式一的定时器
  77   1         EA=1; //外部中断总开关 
  78   1         EX0=1; //  允许外部中断0申请中断。
  79   1      
  80   1      
  81   1         num=1234;//  初始化
  82   1      
  83   1      
  84   1            while(1) 
  85   1               { 
  86   2                  while(1) 
  87   2                      { 
  88   3                         display(num); 
  89   3      
  90   3                             if(S1==0) //判断是否按下 
  91   3                             { 
  92   4                                delayms(50);
  93   4                                if(S1==0) //再次确定 
  94   4                                {
  95   5                                   num++;
  96   5                                } 
  97   4                                while(!S1);//消抖 
  98   4                                delayms(50); 
  99   4                                while(!S1); 
 100   4                                break; //跳出所在的第一个while循环 
 101   4                                }
 102   3                        } 
 103   2                 } 
 104   1      }


MODULE INFORMATION:   STATIC OVERLAYABLE
   CODE SIZE        =    346    ----
   CONSTANT SIZE    =     10    ----
   XDATA SIZE       =   ----    ----
   PDATA SIZE       =   ----    ----
   DATA SIZE        =      4      12
   IDATA SIZE       =   ----    ----
   BIT SIZE         =   ----    ----
END OF MODULE INFORMATION.


C51 COMPILATION COMPLETE.  0 WARNING(S),  0 ERROR(S)
