C51 COMPILER V9.00   AT24CXX                                                               05/24/2017 21:12:20 PAGE 1   


C51 COMPILER V9.00, COMPILATION OF MODULE AT24CXX
OBJECT MODULE PLACED IN .\output\at24cxx.obj
COMPILER INVOKED BY: C:\keil4\C51\BIN\C51.EXE hardware\at24cxx.c BROWSE INCDIR(.\user;.\hardware\driver;.\hardware) DEBU
                    -G OBJECTEXTEND PRINT(.\listing\at24cxx.lst) OBJECT(.\output\at24cxx.obj)

line level    source

   1          #include "at24cxx.h"
   2          
   3          
   4          
   5          /*****************************************/
   6          void EEPWriteData(uchar Addr,uchar Dat)
   7          {
   8   1              IIC_Start();
   9   1              IIC_SendByte(0xa0);
  10   1              IIC_WaitAck();
  11   1              IIC_SendByte(Addr);
  12   1              IIC_WaitAck();
  13   1              IIC_SendByte(Dat);
  14   1              IIC_WaitAck();
  15   1              IIC_Stop();
  16   1              Delay5ms();
  17   1      }
  18          /*****************************************/
  19          uchar EEPReadData(uchar Addr)
  20          {
  21   1              uchar Dat;
  22   1              IIC_Start();
  23   1              IIC_SendByte(0xa0);
  24   1              IIC_WaitAck();
  25   1              IIC_SendByte(Addr);
  26   1              IIC_WaitAck();
  27   1              IIC_Start();
  28   1              IIC_SendByte(0xa1);
  29   1              IIC_WaitAck();
  30   1              Dat=IIC_RecByte();
  31   1              IIC_Ack(1);
  32   1              IIC_Stop();
  33   1              return Dat;
  34   1      }
  35          /****************************************/
  36          static void Delay5ms()          //@11.0592MHz
  37          {
  38   1              unsigned char i, j;
  39   1      
  40   1              i = 54;
  41   1              j = 199;
  42   1              do
  43   1              {
  44   2                      while (--j);
  45   2              } while (--i);
  46   1      }
  47          /**************************************/
  48          
  49          
  50          
  51          
  52          
  53          
  54          
C51 COMPILER V9.00   AT24CXX                                                               05/24/2017 21:12:20 PAGE 2   

  55          
  56          
  57          
  58          
  59          
  60          
  61          
  62          
  63          
  64          
  65          
  66          
  67          


MODULE INFORMATION:   STATIC OVERLAYABLE
   CODE SIZE        =     94    ----
   CONSTANT SIZE    =   ----    ----
   XDATA SIZE       =   ----    ----
   PDATA SIZE       =   ----    ----
   DATA SIZE        =   ----       4
   IDATA SIZE       =   ----    ----
   BIT SIZE         =   ----    ----
END OF MODULE INFORMATION.


C51 COMPILATION COMPLETE.  0 WARNING(S),  0 ERROR(S)
