C51 COMPILER V9.00   CCPA                                                                  05/25/2017 13:01:12 PAGE 1   


C51 COMPILER V9.00, COMPILATION OF MODULE CCPA
OBJECT MODULE PLACED IN .\output\ccpa.obj
COMPILER INVOKED BY: C:\keil4\C51\BIN\C51.EXE hardware\ccpa.c BROWSE INCDIR(.\user;.\hardware\driver;.\hardware) DEBUG O
                    -BJECTEXTEND PRINT(.\listing\ccpa.lst) OBJECT(.\output\ccpa.obj)

line level    source

   1          #include "ccpa.h"
   2          
   3          #define FOSC    11059200L
   4          #define T100Hz  (FOSC / 12 / 100)
   5          typedef unsigned char BYTE;
   6          typedef unsigned int WORD;
   7          #define CCP_S0 0x10                 //P_SW1.4
   8          #define CCP_S1 0x20                 //P_SW1.5
   9          uint Fre;
  10          BYTE cnt;
  11          WORD value;
  12          /************************************/
  13          void CCPAInit(void)
  14          {
  15   1              ACC = P_SW1;
  16   1          ACC &= ~(CCP_S0 | CCP_S1);      //CCP_S0=0 CCP_S1=0
  17   1          P_SW1 = ACC;                    //
  18   1          CCON = 0;                       //初始化PCA控制寄存器
  19   1          CL = 0;                         //复位PCA寄存器
  20   1          CH = 0;
  21   1          CMOD = 0x00;                    //设置PCA时钟源
  22   1                                          //禁止PCA定时器溢出中断
  23   1          value = T100Hz;
  24   1          CCAP0L = value;
  25   1          CCAP0H = value >> 8;            //初始化PCA模块0
  26   1          value += T100Hz;
  27   1          CCAPM0 = 0x49;                  //PCA模块0为16位定时器模式
  28   1          CR = 1;                         //PCA定时器开始工作
  29   1          EA = 1;
  30   1          cnt = 0;
  31   1      }
  32          /***********************************/
  33          void Timer0Exint(void)
  34          {
  35   1              AUXR = 0x80;                    //定时器0为1T模式
  36   1          TMOD = 0x04;                    //设置定时器0为16位自动重装载外部记数模式
  37   1          TH0 = TL0 = 0xff;               //设置定时器0初始值
  38   1          TR0 = 1;                        //定时器0开始工作
  39   1          ET0 = 1;                        //开定时器0中断
  40   1          EA = 1;
  41   1      }
  42          /************************************/
  43          void PCA_isr() interrupt 7 using 1
  44          {
  45   1          CCF0 = 0;                       //清中断标志
  46   1          CCAP0L = value;
  47   1          CCAP0H = value >> 8;            //更新比较值
  48   1          value += T100Hz;
  49   1          if (cnt-- == 0)
  50   1          {
  51   2              cnt = 25;                  //记数100次
  52   2                      FreCheck=Fre;
  53   2                      FreCheck=FreCheck<<2;
  54   2                      Fre=0;
C51 COMPILER V9.00   CCPA                                                                  05/25/2017 13:01:12 PAGE 2   

  55   2          }
  56   1      }
  57          /*************************************/
  58          void t0int() interrupt 1            //中断入口
  59          {
  60   1              Fre++;
  61   1      }


MODULE INFORMATION:   STATIC OVERLAYABLE
   CODE SIZE        =    152    ----
   CONSTANT SIZE    =   ----    ----
   XDATA SIZE       =   ----    ----
   PDATA SIZE       =   ----    ----
   DATA SIZE        =      5    ----
   IDATA SIZE       =   ----    ----
   BIT SIZE         =   ----    ----
END OF MODULE INFORMATION.


C51 COMPILATION COMPLETE.  0 WARNING(S),  0 ERROR(S)
