C51 COMPILER V9.00   CLOCK                                                                 05/24/2017 21:29:10 PAGE 1   


C51 COMPILER V9.00, COMPILATION OF MODULE CLOCK
OBJECT MODULE PLACED IN .\output\clock.obj
COMPILER INVOKED BY: C:\keil4\C51\BIN\C51.EXE hardware\clock.c BROWSE INCDIR(.\user;.\hardware\driver;.\hardware) DEBUG 
                    -OBJECTEXTEND PRINT(.\listing\clock.lst) OBJECT(.\output\clock.obj)

line level    source

   1          #include "clock.h"
   2          
   3          uchar clockbuf[3]={0x50,0x59,0x23,};
   4          
   5          /************************************/
   6          void DS1302Init(void)
   7          {
   8   1              Ds1302_Single_Byte_Write(0x8e,0x00);
   9   1              Ds1302_Single_Byte_Write(0x80,clockbuf[0]);
  10   1              Ds1302_Single_Byte_Write(0x82,clockbuf[1]);
  11   1              Ds1302_Single_Byte_Write(0x84,clockbuf[2]);
  12   1              Ds1302_Single_Byte_Write(0x8e,0x80);
  13   1      }
  14          /************************************/
  15          void DS1302ReadTimes(void)
  16          {
  17   1              clockbuf[0]=Ds1302_Single_Byte_Read(0x81);
  18   1              clockbuf[1]=Ds1302_Single_Byte_Read(0x83);
  19   1              clockbuf[2]=Ds1302_Single_Byte_Read(0x85);
  20   1      }
  21          /*************************************/


MODULE INFORMATION:   STATIC OVERLAYABLE
   CODE SIZE        =     57    ----
   CONSTANT SIZE    =   ----    ----
   XDATA SIZE       =   ----    ----
   PDATA SIZE       =   ----    ----
   DATA SIZE        =      3    ----
   IDATA SIZE       =   ----    ----
   BIT SIZE         =   ----    ----
END OF MODULE INFORMATION.


C51 COMPILATION COMPLETE.  0 WARNING(S),  0 ERROR(S)
