C51 COMPILER V9.00   DS18B20                                                               05/25/2017 08:20:25 PAGE 1   


C51 COMPILER V9.00, COMPILATION OF MODULE DS18B20
OBJECT MODULE PLACED IN .\output\ds18b20.obj
COMPILER INVOKED BY: C:\keil4\C51\BIN\C51.EXE hardware\ds18b20.c BROWSE INCDIR(.\user;.\hardware\driver;.\hardware) DEBU
                    -G OBJECTEXTEND PRINT(.\listing\ds18b20.lst) OBJECT(.\output\ds18b20.obj)

line level    source

   1          #include "ds18b20.h"
   2          
   3          
   4          
   5          uint ReadTemp(void)
   6          {
   7   1              uint temp;
   8   1              uint temp_H,temp_L;     
   9   1      
  10   1              Init_DS18B20();
  11   1              Write_DS18B20(0xcc); //跳过
  12   1              Write_DS18B20(0x44);  //启动
  13   1              Delay_OneWire(200);
  14   1      
  15   1              Init_DS18B20();
  16   1              Write_DS18B20(0xcc);
  17   1              Write_DS18B20(0xbe);  //读取
  18   1      
  19   1              temp_L=Read_DS18B20();
  20   1              temp_H=Read_DS18B20();
  21   1              temp=temp_H;
  22   1              temp=temp<<8;
  23   1              temp=temp|temp_L;
  24   1              temp=temp>>4;  //取12位
  25   1      
  26   1              return temp;    
  27   1      }


MODULE INFORMATION:   STATIC OVERLAYABLE
   CODE SIZE        =     68    ----
   CONSTANT SIZE    =   ----    ----
   XDATA SIZE       =   ----    ----
   PDATA SIZE       =   ----    ----
   DATA SIZE        =   ----       2
   IDATA SIZE       =   ----    ----
   BIT SIZE         =   ----    ----
END OF MODULE INFORMATION.


C51 COMPILATION COMPLETE.  0 WARNING(S),  0 ERROR(S)
