C51 COMPILER V9.00   HARD                                                                  05/24/2017 15:36:19 PAGE 1   


C51 COMPILER V9.00, COMPILATION OF MODULE HARD
OBJECT MODULE PLACED IN .\output\hard.obj
COMPILER INVOKED BY: C:\keil4\C51\BIN\C51.EXE hardware\hard.c BROWSE INCDIR(.\user;.\hardware\driver;.\hardware) DEBUG O
                    -BJECTEXTEND PRINT(.\listing\hard.lst) OBJECT(.\output\hard.obj)

line level    source

   1          #include "hard.h"
   2          
   3          
   4          /*******************************/
   5          void HardLED(uchar dat)
   6          {
   7   1              P2=0x80;
   8   1              P0=dat;
   9   1      }
  10          /*******************************/
  11          void HardOther(uchar dat)
  12          {
  13   1              P2=0xa0;
  14   1              P0=dat;
  15   1      }
  16          /*******************************/


MODULE INFORMATION:   STATIC OVERLAYABLE
   CODE SIZE        =     12    ----
   CONSTANT SIZE    =   ----    ----
   XDATA SIZE       =   ----    ----
   PDATA SIZE       =   ----    ----
   DATA SIZE        =   ----    ----
   IDATA SIZE       =   ----    ----
   BIT SIZE         =   ----    ----
END OF MODULE INFORMATION.


C51 COMPILATION COMPLETE.  0 WARNING(S),  0 ERROR(S)
