C51 COMPILER V9.00   KEY                                                                   05/25/2017 12:54:42 PAGE 1   


C51 COMPILER V9.00, COMPILATION OF MODULE KEY
OBJECT MODULE PLACED IN .\output\key.obj
COMPILER INVOKED BY: C:\keil4\C51\BIN\C51.EXE hardware\key.c BROWSE INCDIR(.\user;.\hardware\driver;.\hardware) DEBUG OB
                    -JECTEXTEND PRINT(.\listing\key.lst) OBJECT(.\output\key.obj)

line level    source

   1          #include "key.h"
   2          
   3          sbit k0=P3^0;
   4          sbit k1=P3^1;
   5          sbit k2=P3^2;
   6          sbit k3=P3^3;
   7          sbit k4=P3^4;
   8          sbit k5=P3^5;
   9          sbit k6=P4^2;
  10          sbit k7=P4^4;
  11          
  12          void Keycheck(void)
  13          {
  14   1              P3=0xff;
  15   1              key=0;
  16   1              k7=0;
  17   1              if(k3==0) key=4;
  18   1              if(k2==0) key=5;        
  19   1              if(k1==0) key=6;
  20   1              if(k0==0) key=7;
  21   1              k7=1;
  22   1              k6=0;
  23   1              if(k3==0) key=8;
  24   1              if(k2==0) key=9;        
  25   1              if(k1==0) key=10;
  26   1              if(k0==0) key=11;
  27   1              k6=1;
  28   1              k5=0;
  29   1              if(k3==0) key=12;
  30   1              if(k2==0) key=13;       
  31   1              if(k1==0) key=14;
  32   1              if(k0==0) key=15;
  33   1              k5=1;
  34   1              k4=0;
  35   1              if(k3==0) key=19;
  36   1              if(k2==0) key=18;       
  37   1              if(k1==0) key=17;
  38   1              if(k0==0) key=16;
  39   1              k4=1;
  40   1      }


MODULE INFORMATION:   STATIC OVERLAYABLE
   CODE SIZE        =    119    ----
   CONSTANT SIZE    =   ----    ----
   XDATA SIZE       =   ----    ----
   PDATA SIZE       =   ----    ----
   DATA SIZE        =   ----    ----
   IDATA SIZE       =   ----    ----
   BIT SIZE         =   ----    ----
END OF MODULE INFORMATION.


C51 COMPILATION COMPLETE.  0 WARNING(S),  0 ERROR(S)
