C51 COMPILER V9.00   OTHER                                                                 05/25/2017 12:54:41 PAGE 1   


C51 COMPILER V9.00, COMPILATION OF MODULE OTHER
OBJECT MODULE PLACED IN .\output\other.obj
COMPILER INVOKED BY: C:\keil4\C51\BIN\C51.EXE hardware\other.c BROWSE INCDIR(.\user;.\hardware\driver;.\hardware) DEBUG 
                    -OBJECTEXTEND PRINT(.\listing\other.lst) OBJECT(.\output\other.obj)

line level    source

   1          #include "other.h"
   2          
   3          uchar key;      //按键
   4          
   5          uint ADCVolt;  //电压
   6          
   7          uint temp;       //温度
   8          
   9          uint FreCheck;  //频率
  10          
  11          
  12          
  13          
  14          
  15          
  16          
  17          
  18          
  19          
  20          
  21          
  22          
  23          
  24          
  25          
  26          


MODULE INFORMATION:   STATIC OVERLAYABLE
   CODE SIZE        =   ----    ----
   CONSTANT SIZE    =   ----    ----
   XDATA SIZE       =   ----    ----
   PDATA SIZE       =   ----    ----
   DATA SIZE        =      7    ----
   IDATA SIZE       =   ----    ----
   BIT SIZE         =   ----    ----
END OF MODULE INFORMATION.


C51 COMPILATION COMPLETE.  0 WARNING(S),  0 ERROR(S)
