C51 COMPILER V9.00   UART                                                                  05/25/2017 12:48:35 PAGE 1   


C51 COMPILER V9.00, COMPILATION OF MODULE UART
OBJECT MODULE PLACED IN .\output\uart.obj
COMPILER INVOKED BY: C:\keil4\C51\BIN\C51.EXE hardware\uart.c BROWSE INCDIR(.\user;.\hardware\driver;.\hardware) DEBUG O
                    -BJECTEXTEND PRINT(.\listing\uart.lst) OBJECT(.\output\uart.obj)

line level    source

   1          #include "uart.h"
   2          
   3          
   4          
   5          /*********************************************/
   6          void UartInit(void)             //9600bps@11.0592MHz
   7          {
   8   1              SCON = 0x50;            //8位数据,可变波特率
   9   1              AUXR |= 0x01;           //串口1选择定时器2为波特率发生器
  10   1              AUXR &= 0xFB;           //定时器2时钟为Fosc/12,即12T
  11   1              T2L = 0xE8;             //设定定时初值
  12   1              T2H = 0xFF;             //设定定时初值
  13   1              AUXR |= 0x10;           //启动定时器2
  14   1      }
  15          /********************************************/
  16          void UartSend(uchar Dat)
  17          {
  18   1              TI = 0;
  19   1              SBUF=Dat;
  20   1              while(!TI);  
  21   1              TI=0;
  22   1      
  23   1      }
  24          /********************************************/
  25          void SendString(uchar *s)
  26          {
  27   1          while (*s)                  //检测字符串结束标志
  28   1          {
  29   2              UartSend(*s++);         //发送当前字符
  30   2          }
  31   1      }
  32          /******************************************/
  33          
  34          
  35          
  36          
  37          
  38          
  39          
  40          
  41          
  42          
  43          
  44          
  45          
  46          
  47          
  48          
  49          
  50          
  51          
  52          
  53          
  54          
C51 COMPILER V9.00   UART                                                                  05/25/2017 12:48:35 PAGE 2   

  55          
  56          
  57          
  58          
  59          
  60          
  61          
  62          
  63          
  64          
  65          
  66          
  67          
  68          
  69          
  70          
  71          
  72          


MODULE INFORMATION:   STATIC OVERLAYABLE
   CODE SIZE        =     66    ----
   CONSTANT SIZE    =   ----    ----
   XDATA SIZE       =   ----    ----
   PDATA SIZE       =   ----    ----
   DATA SIZE        =   ----       3
   IDATA SIZE       =   ----    ----
   BIT SIZE         =   ----    ----
END OF MODULE INFORMATION.


C51 COMPILATION COMPLETE.  0 WARNING(S),  0 ERROR(S)
